\BOOKMARK [1][-]{section.1}{\376\377\000G\000o\000v\000e\000r\000n\000i\000n\000g\000\040\000e\000q\000u\000a\000t\000i\000o\000n\000s\000\040\000o\000f\000\040\000g\000a\000s\000d\000y\000n\000a\000m\000i\000c\000s}{}% 1
\BOOKMARK [2][-]{subsection.1.1}{\376\377\000C\000a\000s\000e\000\040\000A\000:\000\040\000n\000o\000\040\000l\000o\000s\000s\000e\000s\000\040\000\050\000i\000s\000e\000n\000t\000r\000o\000p\000i\000c\000\040\000r\000e\000l\000a\000t\000i\000o\000n\000s\000\051}{section.1}% 2
\BOOKMARK [2][-]{subsection.1.2}{\376\377\000C\000a\000s\000e\000\040\000B\000:\000\040\000l\000o\000s\000s\000e\000s\000\040\000a\000l\000l\000o\000w\000e\000d}{section.1}% 3
\BOOKMARK [1][-]{section.2}{\376\377\000D\000i\000f\000f\000u\000s\000e\000r\000\040\000\050\000M\000\040\0000\000.\0008\0002\000\051}{}% 4
\BOOKMARK [2][-]{subsection.2.1}{\376\377\000C\000o\000n\000v\000e\000r\000g\000i\000n\000g\000-\000D\000i\000v\000e\000r\000g\000i\000n\000g\000\040\000i\000n\000l\000e\000t\000\040\000d\000i\000f\000f\000u\000s\000e\000r\000\040\000\050\000n\000o\000r\000m\000a\000l\000\040\000s\000h\000o\000c\000k\000\051}{section.2}% 5
\BOOKMARK [3][-]{subsubsection.2.1.1}{\376\377\000O\000v\000e\000r\000s\000p\000e\000e\000d}{subsection.2.1}% 6
\BOOKMARK [3][-]{subsubsection.2.1.2}{\376\377\000V\000a\000r\000i\000a\000b\000l\000e\000\040\000g\000e\000o\000m\000e\000t\000r\000y\000\040\000i\000n\000l\000e\000t}{subsection.2.1}% 7
\BOOKMARK [2][-]{subsection.2.2}{\376\377\000S\000p\000i\000k\000e\000\040\000d\000i\000f\000f\000u\000s\000e\000r\000\040\000\050\000M\000a\000c\000h\000\040\000W\000a\000v\000e\000\051}{section.2}% 8
\BOOKMARK [2][-]{subsection.2.3}{\376\377\000O\000b\000l\000i\000q\000u\000e\000\040\000s\000h\000o\000c\000k\000\040\000d\000i\000f\000f\000u\000s\000e\000r}{section.2}% 9
\BOOKMARK [1][-]{section.3}{\376\377\000C\000o\000m\000b\000u\000s\000t\000i\000o\000n\000/\000B\000u\000r\000n\000e\000r\000\040\000\050\000M\000\040\0002\0005\000\051}{}% 10
\BOOKMARK [2][-]{subsection.3.1}{\376\377\000T\000h\000e\000r\000m\000o\000d\000y\000n\000a\000m\000i\000c\000\040\000e\000f\000f\000i\000c\000i\000e\000n\000c\000y\000\040\000t\000h}{section.3}% 11
\BOOKMARK [2][-]{subsection.3.2}{\376\377\000S\000u\000b\000s\000o\000n\000i\000c\000\040\000C\000o\000m\000b\000u\000s\000t\000i\000o\000n}{section.3}% 12
\BOOKMARK [2][-]{subsection.3.3}{\376\377\000A\000n\000a\000l\000y\000s\000i\000s\000\040\000o\000n\000\040\000R\000a\000m\000j\000e\000t}{section.3}% 13
\BOOKMARK [3][-]{subsubsection.3.3.1}{\376\377\000d\000i\000f\000f\000u\000s\000e\000r\000\040\000\050\0001\000C\0001\000\051}{subsection.3.3}% 14
\BOOKMARK [3][-]{subsubsection.3.3.2}{\376\377\000n\000o\000r\000m\000a\000l\000\040\000s\000h\000o\000c\000k\000\040\000\050\000x\000y\000\051}{subsection.3.3}% 15
\BOOKMARK [3][-]{subsubsection.3.3.3}{\376\377\000b\000u\000r\000n\000e\000r\000\040\000e\000n\000t\000r\000y\000\040\000\050\000y\0002\000\051}{subsection.3.3}% 16
\BOOKMARK [3][-]{subsubsection.3.3.4}{\376\377\000c\000o\000m\000b\000u\000s\000t\000i\000o\000n\000\040\000\050\0002\000b\000\051}{subsection.3.3}% 17
\BOOKMARK [3][-]{subsubsection.3.3.5}{\376\377\000b\000u\000r\000n\000e\000r\000\040\000e\000x\000i\000t\000/\000n\000o\000z\000z\000l\000e\000\040\000\050\000b\0004\000\051}{subsection.3.3}% 18
\BOOKMARK [2][-]{subsection.3.4}{\376\377\000T\000h\000r\000u\000s\000t\000\040\000F}{section.3}% 19
\BOOKMARK [2][-]{subsection.3.5}{\376\377\000P\000r\000o\000p\000u\000l\000s\000i\000v\000e\000\040\000e\000f\000f\000i\000c\000i\000e\000n\000c\000y\000\040\000p}{section.3}% 20
\BOOKMARK [1][-]{section.4}{\376\377\000N\000o\000z\000z\000l\000e}{}% 21
\BOOKMARK [2][-]{subsection.4.1}{\376\377\000C\000o\000n\000i\000c\000a\000l\000\040\000n\000o\000z\000z\000l\000e}{section.4}% 22
\BOOKMARK [2][-]{subsection.4.2}{\376\377\000B\000e\000l\000l\000\040\000n\000o\000z\000z\000l\000e}{section.4}% 23
\BOOKMARK [2][-]{subsection.4.3}{\376\377\000P\000l\000u\000g\000\040\000n\000o\000z\000z\000l\000e}{section.4}% 24
\BOOKMARK [1][-]{section.5}{\376\377\000S\000c\000r\000a\000m\000j\000e\000t\000\040\000\050\0006\000>\000M\000>\0001\0000\000\051}{}% 25
\BOOKMARK [1][-]{section.6}{\376\377\000R\000o\000c\000k\000e\000t}{}% 26
\BOOKMARK [2][-]{subsection.6.1}{\376\377\000C\000o\000l\000d\000-\000g\000a\000s\000\040\000j\000e\000t\000s}{section.6}% 27
\BOOKMARK [3][-]{subsubsection.6.1.1}{\376\377\000"\000H\000o\000t\000-\000g\000a\000s\000"\000\040\000j\000e\000t\000s}{subsection.6.1}% 28
\BOOKMARK [2][-]{subsection.6.2}{\376\377\000P\000r\000e\000s\000s\000u\000r\000e\000-\000f\000e\000d\000\040\000l\000i\000q\000u\000i\000d\000\040\000f\000u\000e\000l\000\040\000r\000o\000c\000k\000e\000t\000\040\000m\000o\000t\000o\000r}{section.6}% 29
\BOOKMARK [2][-]{subsection.6.3}{\376\377\000S\000o\000l\000i\000d\000-\000f\000u\000e\000l\000\040\000r\000o\000c\000k\000e\000t\000\040\000m\000o\000t\000o\000r}{section.6}% 30
\BOOKMARK [2][-]{subsection.6.4}{\376\377\000T\000u\000r\000b\000o\000p\000u\000m\000p\000s}{section.6}% 31
\BOOKMARK [3][-]{subsubsection.6.4.1}{\376\377\000E\000x\000p\000a\000n\000s\000i\000o\000n\000\040\000T\000u\000r\000b\000o\000p\000u\000m\000p\000s}{subsection.6.4}% 32
\BOOKMARK [3][-]{subsubsection.6.4.2}{\376\377\000G\000a\000s\000-\000g\000e\000n\000e\000r\000a\000t\000o\000r\000\040\000t\000u\000r\000b\000o\000p\000u\000m\000p\000s}{subsection.6.4}% 33
\BOOKMARK [3][-]{subsubsection.6.4.3}{\376\377\000S\000t\000a\000g\000e\000d\000-\000c\000o\000m\000b\000u\000s\000t\000i\000o\000n\000\040\000t\000u\000r\000b\000o\000p\000u\000m\000p}{subsection.6.4}% 34
\BOOKMARK [3][-]{subsubsection.6.4.4}{\376\377\000A\000s\000p\000i\000r\000a\000t\000i\000o\000n\000\040\000t\000u\000r\000b\000o\000p\000u\000m\000p}{subsection.6.4}% 35
\BOOKMARK [1][-]{section.7}{\376\377\000H\000y\000b\000r\000i\000d\000\040\000P\000r\000o\000p\000u\000l\000s\000i\000o\000n}{}% 36
\BOOKMARK [2][-]{subsection.7.1}{\376\377\000I\000n\000c\000r\000e\000a\000s\000e\000\040\000L\000a\000u\000n\000c\000h\000\040\000A\000l\000t\000i\000t\000u\000d\000e}{section.7}% 37
\BOOKMARK [2][-]{subsection.7.2}{\376\377\000S\000h\000o\000o\000t\000i\000n\000g\000\040\000r\000o\000c\000k\000e\000t\000\040\000f\000r\000o\000m\000\040\000a\000\040\000G\000U\000N\000\040\000\050\000H\000A\000R\000P\000\051}{section.7}% 38
\BOOKMARK [2][-]{subsection.7.3}{\376\377\000O\000x\000i\000d\000i\000s\000e\000r\000\040\000d\000i\000r\000e\000c\000t\000-\000i\000n\000j\000e\000c\000t\000i\000o\000n}{section.7}% 39
\BOOKMARK [2][-]{subsection.7.4}{\376\377\000T\000u\000r\000b\000o\000j\000e\000t\000\040\000p\000r\000e\000-\000c\000o\000o\000l\000i\000n\000g}{section.7}% 40
\BOOKMARK [2][-]{subsection.7.5}{\376\377\000M\000a\000s\000s\000-\000i\000n\000j\000e\000c\000t\000i\000o\000n\000\040\000p\000r\000e\000-\000c\000o\000m\000p\000r\000e\000s\000s\000i\000o\000n\000\040\000c\000o\000o\000l\000i\000n\000g}{section.7}% 41
\BOOKMARK [2][-]{subsection.7.6}{\376\377\000I\000n\000c\000r\000e\000a\000s\000i\000n\000g\000\040\000C\000o\000m\000b\000u\000s\000t\000i\000o\000n\000\040\000c\000h\000a\000m\000b\000e\000r\000\040\000p\000r\000e\000s\000s\000u\000r\000e}{section.7}% 42
\BOOKMARK [3][-]{subsubsection.7.6.1}{\376\377\000C\000o\000m\000p\000r\000e\000s\000s\000o\000r\000l\000e\000s\000s\000\040\000c\000o\000m\000p\000r\000e\000s\000s\000i\000o\000n\000\040\000-\000\040\000p\000u\000l\000s\000e\000\040\000j\000e\000t}{subsection.7.6}% 43
\BOOKMARK [1][-]{section.8}{\376\377\000D\000e\000t\000o\000n\000a\000t\000i\000o\000n}{}% 44
\BOOKMARK [2][-]{subsection.8.1}{\376\377\000G\000o\000v\000e\000r\000n\000i\000n\000g\000\040\000E\000q\000u\000a\000t\000i\000o\000n}{section.8}% 45
\BOOKMARK [2][-]{subsection.8.2}{\376\377\000D\000e\000t\000o\000n\000a\000t\000i\000o\000n\000\040\000a\000n\000a\000l\000y\000s\000i\000s}{section.8}% 46
\BOOKMARK [2][-]{subsection.8.3}{\376\377\000H\000u\000m\000p\000h\000r\000e\000y\000\040\000c\000y\000c\000l\000e}{section.8}% 47
\BOOKMARK [2][-]{subsection.8.4}{\376\377\000P\000u\000l\000s\000e\000-\000D\000e\000t\000o\000n\000a\000t\000i\000o\000n\000\040\000E\000n\000g\000i\000n\000e\000s\000\040\000\050\000P\000D\000E\000\051}{section.8}% 48
